Determining if the pthread_create exist failed with the following output:
Change Dir: /home/csrobot/Desktop/NERVE_CENTER/ROS_navigation_localization/catkin_ws/build/tuw_multi_robot_msgs/CMakeFiles/CMakeTmp

Run Build Command:"/usr/bin/make" "cmTC_f6725/fast"
/usr/bin/make -f CMakeFiles/cmTC_f6725.dir/build.make CMakeFiles/cmTC_f6725.dir/build
make[1]: Entering directory '/home/csrobot/Desktop/NERVE_CENTER/ROS_navigation_localization/catkin_ws/build/tuw_multi_robot_msgs/CMakeFiles/CMakeTmp'
Building C object CMakeFiles/cmTC_f6725.dir/CheckSymbolExists.c.o
/usr/bin/cc    -o CMakeFiles/cmTC_f6725.dir/CheckSymbolExists.c.o   -c /home/csrobot/Desktop/NERVE_CENTER/ROS_navigation_localization/catkin_ws/build/tuw_multi_robot_msgs/CMakeFiles/CMakeTmp/CheckSymbolExists.c
Linking C executable cmTC_f6725
/usr/bin/cmake -E cmake_link_script CMakeFiles/cmTC_f6725.dir/link.txt --verbose=1
/usr/bin/cc      -rdynamic CMakeFiles/cmTC_f6725.dir/CheckSymbolExists.c.o  -o cmTC_f6725 
CMakeFiles/cmTC_f6725.dir/CheckSymbolExists.c.o: In function `main':
CheckSymbolExists.c:(.text+0x1b): undefined reference to `pthread_create'
collect2: error: ld returned 1 exit status
CMakeFiles/cmTC_f6725.dir/build.make:97: recipe for target 'cmTC_f6725' failed
make[1]: *** [cmTC_f6725] Error 1
make[1]: Leaving directory '/home/csrobot/Desktop/NERVE_CENTER/ROS_navigation_localization/catkin_ws/build/tuw_multi_robot_msgs/CMakeFiles/CMakeTmp'
Makefile:126: recipe for target 'cmTC_f6725/fast' failed
make: *** [cmTC_f6725/fast] Error 2

File /home/csrobot/Desktop/NERVE_CENTER/ROS_navigation_localization/catkin_ws/build/tuw_multi_robot_msgs/CMakeFiles/CMakeTmp/CheckSymbolExists.c:
/* */
#include <pthread.h>

int main(int argc, char** argv)
{
  (void)argv;
#ifndef pthread_create
  return ((int*)(&pthread_create))[argc];
#else
  (void)argc;
  return 0;
#endif
}

Determining if the function pthread_create exists in the pthreads failed with the following output:
Change Dir: /home/csrobot/Desktop/NERVE_CENTER/ROS_navigation_localization/catkin_ws/build/tuw_multi_robot_msgs/CMakeFiles/CMakeTmp

Run Build Command:"/usr/bin/make" "cmTC_1ae2d/fast"
/usr/bin/make -f CMakeFiles/cmTC_1ae2d.dir/build.make CMakeFiles/cmTC_1ae2d.dir/build
make[1]: Entering directory '/home/csrobot/Desktop/NERVE_CENTER/ROS_navigation_localization/catkin_ws/build/tuw_multi_robot_msgs/CMakeFiles/CMakeTmp'
Building C object CMakeFiles/cmTC_1ae2d.dir/CheckFunctionExists.c.o
/usr/bin/cc   -DCHECK_FUNCTION_EXISTS=pthread_create   -o CMakeFiles/cmTC_1ae2d.dir/CheckFunctionExists.c.o   -c /usr/share/cmake-3.10/Modules/CheckFunctionExists.c
Linking C executable cmTC_1ae2d
/usr/bin/cmake -E cmake_link_script CMakeFiles/cmTC_1ae2d.dir/link.txt --verbose=1
/usr/bin/cc  -DCHECK_FUNCTION_EXISTS=pthread_create    -rdynamic CMakeFiles/cmTC_1ae2d.dir/CheckFunctionExists.c.o  -o cmTC_1ae2d -lpthreads 
/usr/bin/ld: cannot find -lpthreads
collect2: error: ld returned 1 exit status
CMakeFiles/cmTC_1ae2d.dir/build.make:97: recipe for target 'cmTC_1ae2d' failed
make[1]: *** [cmTC_1ae2d] Error 1
make[1]: Leaving directory '/home/csrobot/Desktop/NERVE_CENTER/ROS_navigation_localization/catkin_ws/build/tuw_multi_robot_msgs/CMakeFiles/CMakeTmp'
Makefile:126: recipe for target 'cmTC_1ae2d/fast' failed
make: *** [cmTC_1ae2d/fast] Error 2


