Determining if the pthread_create exist failed with the following output:
Change Dir: /home/csrobot/Desktop/NERVE_CENTER/ROS_navigation_localization/catkin_ws/build/tuw_multi_robot_goal_generator/CMakeFiles/CMakeTmp

Run Build Command:"/usr/bin/make" "cmTC_9b4d4/fast"
/usr/bin/make -f CMakeFiles/cmTC_9b4d4.dir/build.make CMakeFiles/cmTC_9b4d4.dir/build
make[1]: Entering directory '/home/csrobot/Desktop/NERVE_CENTER/ROS_navigation_localization/catkin_ws/build/tuw_multi_robot_goal_generator/CMakeFiles/CMakeTmp'
Building C object CMakeFiles/cmTC_9b4d4.dir/CheckSymbolExists.c.o
/usr/bin/cc    -o CMakeFiles/cmTC_9b4d4.dir/CheckSymbolExists.c.o   -c /home/csrobot/Desktop/NERVE_CENTER/ROS_navigation_localization/catkin_ws/build/tuw_multi_robot_goal_generator/CMakeFiles/CMakeTmp/CheckSymbolExists.c
Linking C executable cmTC_9b4d4
/usr/bin/cmake -E cmake_link_script CMakeFiles/cmTC_9b4d4.dir/link.txt --verbose=1
/usr/bin/cc      -rdynamic CMakeFiles/cmTC_9b4d4.dir/CheckSymbolExists.c.o  -o cmTC_9b4d4 
CMakeFiles/cmTC_9b4d4.dir/CheckSymbolExists.c.o: In function `main':
CheckSymbolExists.c:(.text+0x1b): undefined reference to `pthread_create'
collect2: error: ld returned 1 exit status
CMakeFiles/cmTC_9b4d4.dir/build.make:97: recipe for target 'cmTC_9b4d4' failed
make[1]: *** [cmTC_9b4d4] Error 1
make[1]: Leaving directory '/home/csrobot/Desktop/NERVE_CENTER/ROS_navigation_localization/catkin_ws/build/tuw_multi_robot_goal_generator/CMakeFiles/CMakeTmp'
Makefile:126: recipe for target 'cmTC_9b4d4/fast' failed
make: *** [cmTC_9b4d4/fast] Error 2

File /home/csrobot/Desktop/NERVE_CENTER/ROS_navigation_localization/catkin_ws/build/tuw_multi_robot_goal_generator/CMakeFiles/CMakeTmp/CheckSymbolExists.c:
/* */
#include <pthread.h>

int main(int argc, char** argv)
{
  (void)argv;
#ifndef pthread_create
  return ((int*)(&pthread_create))[argc];
#else
  (void)argc;
  return 0;
#endif
}

Determining if the function pthread_create exists in the pthreads failed with the following output:
Change Dir: /home/csrobot/Desktop/NERVE_CENTER/ROS_navigation_localization/catkin_ws/build/tuw_multi_robot_goal_generator/CMakeFiles/CMakeTmp

Run Build Command:"/usr/bin/make" "cmTC_dbedf/fast"
/usr/bin/make -f CMakeFiles/cmTC_dbedf.dir/build.make CMakeFiles/cmTC_dbedf.dir/build
make[1]: Entering directory '/home/csrobot/Desktop/NERVE_CENTER/ROS_navigation_localization/catkin_ws/build/tuw_multi_robot_goal_generator/CMakeFiles/CMakeTmp'
Building C object CMakeFiles/cmTC_dbedf.dir/CheckFunctionExists.c.o
/usr/bin/cc   -DCHECK_FUNCTION_EXISTS=pthread_create   -o CMakeFiles/cmTC_dbedf.dir/CheckFunctionExists.c.o   -c /usr/share/cmake-3.10/Modules/CheckFunctionExists.c
Linking C executable cmTC_dbedf
/usr/bin/cmake -E cmake_link_script CMakeFiles/cmTC_dbedf.dir/link.txt --verbose=1
/usr/bin/cc  -DCHECK_FUNCTION_EXISTS=pthread_create    -rdynamic CMakeFiles/cmTC_dbedf.dir/CheckFunctionExists.c.o  -o cmTC_dbedf -lpthreads 
/usr/bin/ld: cannot find -lpthreads
collect2: error: ld returned 1 exit status
CMakeFiles/cmTC_dbedf.dir/build.make:97: recipe for target 'cmTC_dbedf' failed
make[1]: *** [cmTC_dbedf] Error 1
make[1]: Leaving directory '/home/csrobot/Desktop/NERVE_CENTER/ROS_navigation_localization/catkin_ws/build/tuw_multi_robot_goal_generator/CMakeFiles/CMakeTmp'
Makefile:126: recipe for target 'cmTC_dbedf/fast' failed
make: *** [cmTC_dbedf/fast] Error 2


