Determining if the pthread_create exist failed with the following output:
Change Dir: /home/csrobot/Desktop/NERVE_CENTER/ROS_navigation_localization/catkin_ws/build/tuw_airskin_msgs/CMakeFiles/CMakeTmp

Run Build Command:"/usr/bin/make" "cmTC_724de/fast"
/usr/bin/make -f CMakeFiles/cmTC_724de.dir/build.make CMakeFiles/cmTC_724de.dir/build
make[1]: Entering directory '/home/csrobot/Desktop/NERVE_CENTER/ROS_navigation_localization/catkin_ws/build/tuw_airskin_msgs/CMakeFiles/CMakeTmp'
Building C object CMakeFiles/cmTC_724de.dir/CheckSymbolExists.c.o
/usr/bin/cc    -o CMakeFiles/cmTC_724de.dir/CheckSymbolExists.c.o   -c /home/csrobot/Desktop/NERVE_CENTER/ROS_navigation_localization/catkin_ws/build/tuw_airskin_msgs/CMakeFiles/CMakeTmp/CheckSymbolExists.c
Linking C executable cmTC_724de
/usr/bin/cmake -E cmake_link_script CMakeFiles/cmTC_724de.dir/link.txt --verbose=1
/usr/bin/cc      -rdynamic CMakeFiles/cmTC_724de.dir/CheckSymbolExists.c.o  -o cmTC_724de 
CMakeFiles/cmTC_724de.dir/CheckSymbolExists.c.o: In function `main':
CheckSymbolExists.c:(.text+0x1b): undefined reference to `pthread_create'
collect2: error: ld returned 1 exit status
CMakeFiles/cmTC_724de.dir/build.make:97: recipe for target 'cmTC_724de' failed
make[1]: *** [cmTC_724de] Error 1
make[1]: Leaving directory '/home/csrobot/Desktop/NERVE_CENTER/ROS_navigation_localization/catkin_ws/build/tuw_airskin_msgs/CMakeFiles/CMakeTmp'
Makefile:126: recipe for target 'cmTC_724de/fast' failed
make: *** [cmTC_724de/fast] Error 2

File /home/csrobot/Desktop/NERVE_CENTER/ROS_navigation_localization/catkin_ws/build/tuw_airskin_msgs/CMakeFiles/CMakeTmp/CheckSymbolExists.c:
/* */
#include <pthread.h>

int main(int argc, char** argv)
{
  (void)argv;
#ifndef pthread_create
  return ((int*)(&pthread_create))[argc];
#else
  (void)argc;
  return 0;
#endif
}

Determining if the function pthread_create exists in the pthreads failed with the following output:
Change Dir: /home/csrobot/Desktop/NERVE_CENTER/ROS_navigation_localization/catkin_ws/build/tuw_airskin_msgs/CMakeFiles/CMakeTmp

Run Build Command:"/usr/bin/make" "cmTC_ad71b/fast"
/usr/bin/make -f CMakeFiles/cmTC_ad71b.dir/build.make CMakeFiles/cmTC_ad71b.dir/build
make[1]: Entering directory '/home/csrobot/Desktop/NERVE_CENTER/ROS_navigation_localization/catkin_ws/build/tuw_airskin_msgs/CMakeFiles/CMakeTmp'
Building C object CMakeFiles/cmTC_ad71b.dir/CheckFunctionExists.c.o
/usr/bin/cc   -DCHECK_FUNCTION_EXISTS=pthread_create   -o CMakeFiles/cmTC_ad71b.dir/CheckFunctionExists.c.o   -c /usr/share/cmake-3.10/Modules/CheckFunctionExists.c
Linking C executable cmTC_ad71b
/usr/bin/cmake -E cmake_link_script CMakeFiles/cmTC_ad71b.dir/link.txt --verbose=1
/usr/bin/cc  -DCHECK_FUNCTION_EXISTS=pthread_create    -rdynamic CMakeFiles/cmTC_ad71b.dir/CheckFunctionExists.c.o  -o cmTC_ad71b -lpthreads 
/usr/bin/ld: cannot find -lpthreads
collect2: error: ld returned 1 exit status
CMakeFiles/cmTC_ad71b.dir/build.make:97: recipe for target 'cmTC_ad71b' failed
make[1]: *** [cmTC_ad71b] Error 1
make[1]: Leaving directory '/home/csrobot/Desktop/NERVE_CENTER/ROS_navigation_localization/catkin_ws/build/tuw_airskin_msgs/CMakeFiles/CMakeTmp'
Makefile:126: recipe for target 'cmTC_ad71b/fast' failed
make: *** [cmTC_ad71b/fast] Error 2


