Determining if the pthread_create exist failed with the following output:
Change Dir: /home/csrobot/Desktop/NERVE_CENTER/ROS_navigation_localization/catkin_ws/build/tuw_local_controller_msgs/CMakeFiles/CMakeTmp

Run Build Command:"/usr/bin/make" "cmTC_370e9/fast"
/usr/bin/make -f CMakeFiles/cmTC_370e9.dir/build.make CMakeFiles/cmTC_370e9.dir/build
make[1]: Entering directory '/home/csrobot/Desktop/NERVE_CENTER/ROS_navigation_localization/catkin_ws/build/tuw_local_controller_msgs/CMakeFiles/CMakeTmp'
Building C object CMakeFiles/cmTC_370e9.dir/CheckSymbolExists.c.o
/usr/bin/cc    -o CMakeFiles/cmTC_370e9.dir/CheckSymbolExists.c.o   -c /home/csrobot/Desktop/NERVE_CENTER/ROS_navigation_localization/catkin_ws/build/tuw_local_controller_msgs/CMakeFiles/CMakeTmp/CheckSymbolExists.c
Linking C executable cmTC_370e9
/usr/bin/cmake -E cmake_link_script CMakeFiles/cmTC_370e9.dir/link.txt --verbose=1
/usr/bin/cc      -rdynamic CMakeFiles/cmTC_370e9.dir/CheckSymbolExists.c.o  -o cmTC_370e9 
CMakeFiles/cmTC_370e9.dir/CheckSymbolExists.c.o: In function `main':
CheckSymbolExists.c:(.text+0x1b): undefined reference to `pthread_create'
collect2: error: ld returned 1 exit status
CMakeFiles/cmTC_370e9.dir/build.make:97: recipe for target 'cmTC_370e9' failed
make[1]: *** [cmTC_370e9] Error 1
make[1]: Leaving directory '/home/csrobot/Desktop/NERVE_CENTER/ROS_navigation_localization/catkin_ws/build/tuw_local_controller_msgs/CMakeFiles/CMakeTmp'
Makefile:126: recipe for target 'cmTC_370e9/fast' failed
make: *** [cmTC_370e9/fast] Error 2

File /home/csrobot/Desktop/NERVE_CENTER/ROS_navigation_localization/catkin_ws/build/tuw_local_controller_msgs/CMakeFiles/CMakeTmp/CheckSymbolExists.c:
/* */
#include <pthread.h>

int main(int argc, char** argv)
{
  (void)argv;
#ifndef pthread_create
  return ((int*)(&pthread_create))[argc];
#else
  (void)argc;
  return 0;
#endif
}

Determining if the function pthread_create exists in the pthreads failed with the following output:
Change Dir: /home/csrobot/Desktop/NERVE_CENTER/ROS_navigation_localization/catkin_ws/build/tuw_local_controller_msgs/CMakeFiles/CMakeTmp

Run Build Command:"/usr/bin/make" "cmTC_b19d6/fast"
/usr/bin/make -f CMakeFiles/cmTC_b19d6.dir/build.make CMakeFiles/cmTC_b19d6.dir/build
make[1]: Entering directory '/home/csrobot/Desktop/NERVE_CENTER/ROS_navigation_localization/catkin_ws/build/tuw_local_controller_msgs/CMakeFiles/CMakeTmp'
Building C object CMakeFiles/cmTC_b19d6.dir/CheckFunctionExists.c.o
/usr/bin/cc   -DCHECK_FUNCTION_EXISTS=pthread_create   -o CMakeFiles/cmTC_b19d6.dir/CheckFunctionExists.c.o   -c /usr/share/cmake-3.10/Modules/CheckFunctionExists.c
Linking C executable cmTC_b19d6
/usr/bin/cmake -E cmake_link_script CMakeFiles/cmTC_b19d6.dir/link.txt --verbose=1
/usr/bin/cc  -DCHECK_FUNCTION_EXISTS=pthread_create    -rdynamic CMakeFiles/cmTC_b19d6.dir/CheckFunctionExists.c.o  -o cmTC_b19d6 -lpthreads 
/usr/bin/ld: cannot find -lpthreads
collect2: error: ld returned 1 exit status
CMakeFiles/cmTC_b19d6.dir/build.make:97: recipe for target 'cmTC_b19d6' failed
make[1]: *** [cmTC_b19d6] Error 1
make[1]: Leaving directory '/home/csrobot/Desktop/NERVE_CENTER/ROS_navigation_localization/catkin_ws/build/tuw_local_controller_msgs/CMakeFiles/CMakeTmp'
Makefile:126: recipe for target 'cmTC_b19d6/fast' failed
make: *** [cmTC_b19d6/fast] Error 2


